[11Jan2025 00:01:09.687] [Server thread/INFO] [net.minecraft.server.players.PlayerList/]: Kiri080[/127.184.139.169:51909] logged in with entity id 7398 at (871.0861425411622, 15.0, 4760.819434429701)
[11Jan2025 00:01:09.690] [Server thread/INFO] [ModdingLegacy/blue_skies/]: Sending ToolHandleTypeManager to Kiri080
[11Jan2025 00:01:09.691] [Server thread/INFO] [ModdingLegacy/blue_skies/]: Sending SnowcapOvenFreezingManager to Kiri080
[11Jan2025 00:01:09.691] [Server thread/INFO] [ModdingLegacy/blue_skies/]: Sending HorizoniteForgeFuelManager to Kiri080
[11Jan2025 00:01:09.692] [Server thread/INFO] [ModdingLegacy/blue_skies/]: Sending AlchemyRecipeManager to Kiri080
[11Jan2025 00:01:09.694] [Server thread/INFO] [ModdingLegacy/blue_skies/]: Sending JournalEntryManager to Kiri080
[11Jan2025 00:01:09.696] [Server thread/INFO] [ModdingLegacy/blue_skies/]: Sending JournalSectionManager to Kiri080
[11Jan2025 00:01:09.697] [Server thread/INFO] [ModdingLegacy/blue_skies/]: Sending JournalRequirementManager to Kiri080
[11Jan2025 00:01:09.735] [Server thread/INFO] [net.minecraft.server.MinecraftServer/]: Kiri080 joined the game
[11Jan2025 00:01:09.764] [Server thread/INFO] [Jade/]: Syncing config to Kiri080 (1a5df4eb-57a7-3a18-b41f-1bd2c4729cf5)
[11Jan2025 00:02:11.854] [Server thread/INFO] [net.minecraft.server.network.ServerGamePacketListenerImpl/]: Kiri080 lost connection: Disconnected
[11Jan2025 00:02:11.855] [Server thread/INFO] [net.minecraft.server.MinecraftServer/]: Kiri080 left the game
[11Jan2025 00:03:23.135] [Server thread/INFO] [net.minecraft.server.players.PlayerList/]: Kiri080[/127.184.139.169:34589] logged in with entity id 8020 at (885.2682378191496, 15.0, 4759.300000011921)
[11Jan2025 00:03:23.136] [Server thread/INFO] [ModdingLegacy/blue_skies/]: Sending ToolHandleTypeManager to Kiri080
[11Jan2025 00:03:23.136] [Server thread/INFO] [ModdingLegacy/blue_skies/]: Sending SnowcapOvenFreezingManager to Kiri080
[11Jan2025 00:03:23.137] [Server thread/INFO] [ModdingLegacy/blue_skies/]: Sending HorizoniteForgeFuelManager to Kiri080
[11Jan2025 00:03:23.137] [Server thread/INFO] [ModdingLegacy/blue_skies/]: Sending AlchemyRecipeManager to Kiri080
[11Jan2025 00:03:23.141] [Server thread/INFO] [ModdingLegacy/blue_skies/]: Sending JournalEntryManager to Kiri080
[11Jan2025 00:03:23.144] [Server thread/INFO] [ModdingLegacy/blue_skies/]: Sending JournalSectionManager to Kiri080
[11Jan2025 00:03:23.145] [Server thread/INFO] [ModdingLegacy/blue_skies/]: Sending JournalRequirementManager to Kiri080
[11Jan2025 00:03:23.173] [Server thread/INFO] [net.minecraft.server.MinecraftServer/]: Kiri080 joined the game
[11Jan2025 00:03:23.209] [Server thread/INFO] [Jade/]: Syncing config to Kiri080 (1a5df4eb-57a7-3a18-b41f-1bd2c4729cf5)
